Obtaining file:///Users/aevar/Desktop/Satellite_3D_PWM-Continuous_Thrusters_ReactionWheel
  Installing build dependencies: started
  Installing build dependencies: finished with status 'done'
  Checking if build backend supports build_editable: started
  Checking if build backend supports build_editable: finished with status 'done'
  Getting requirements to build editable: started
  Getting requirements to build editable: finished with status 'done'
  Preparing editable metadata (pyproject.toml): started
  Preparing editable metadata (pyproject.toml): finished with status 'done'
Requirement already satisfied: numpy>=1.21.0 in ./.venv311/lib/python3.11/site-packages (from satellite_control==1.0.0) (2.4.1)
Requirement already satisfied: scipy>=1.7.0 in ./.venv311/lib/python3.11/site-packages (from satellite_control==1.0.0) (1.17.0)
Requirement already satisfied: pydantic>=2.0.0 in ./.venv311/lib/python3.11/site-packages (from satellite_control==1.0.0) (2.12.5)
Requirement already satisfied: pyyaml>=6.0.0 in ./.venv311/lib/python3.11/site-packages (from satellite_control==1.0.0) (6.0.3)
Requirement already satisfied: typer>=0.9.0 in ./.venv311/lib/python3.11/site-packages (from satellite_control==1.0.0) (0.21.1)
Requirement already satisfied: click>=8.0.0 in ./.venv311/lib/python3.11/site-packages (from satellite_control==1.0.0) (8.3.1)
Requirement already satisfied: rich>=10.0.0 in ./.venv311/lib/python3.11/site-packages (from satellite_control==1.0.0) (14.2.0)
Requirement already satisfied: questionary>=2.0.0 in ./.venv311/lib/python3.11/site-packages (from satellite_control==1.0.0) (2.1.1)
Requirement already satisfied: pandas>=1.3.0 in ./.venv311/lib/python3.11/site-packages (from satellite_control==1.0.0) (2.3.3)
Requirement already satisfied: matplotlib>=3.4.0 in ./.venv311/lib/python3.11/site-packages (from satellite_control==1.0.0) (3.10.8)
Requirement already satisfied: seaborn>=0.11.0 in ./.venv311/lib/python3.11/site-packages (from satellite_control==1.0.0) (0.13.2)
Requirement already satisfied: plotly>=5.0.0 in ./.venv311/lib/python3.11/site-packages (from satellite_control==1.0.0) (6.5.2)
Requirement already satisfied: streamlit>=1.25.0 in ./.venv311/lib/python3.11/site-packages (from satellite_control==1.0.0) (1.53.0)
Requirement already satisfied: imageio>=2.30.0 in ./.venv311/lib/python3.11/site-packages (from satellite_control==1.0.0) (2.37.2)
Requirement already satisfied: imageio-ffmpeg>=0.4.9 in ./.venv311/lib/python3.11/site-packages (from satellite_control==1.0.0) (0.6.0)
Requirement already satisfied: ezdxf>=0.17.0 in ./.venv311/lib/python3.11/site-packages (from satellite_control==1.0.0) (1.4.3)
Requirement already satisfied: shapely>=1.8.0 in ./.venv311/lib/python3.11/site-packages (from satellite_control==1.0.0) (2.1.2)
Requirement already satisfied: osqp>=0.6.0 in ./.venv311/lib/python3.11/site-packages (from satellite_control==1.0.0) (1.0.5)
Requirement already satisfied: uvicorn>=0.20.0 in ./.venv311/lib/python3.11/site-packages (from satellite_control==1.0.0) (0.40.0)
Requirement already satisfied: fastapi>=0.100.0 in ./.venv311/lib/python3.11/site-packages (from satellite_control==1.0.0) (0.128.0)
Requirement already satisfied: watchfiles>=0.19.0 in ./.venv311/lib/python3.11/site-packages (from satellite_control==1.0.0) (1.1.1)
Requirement already satisfied: httpx>=0.24.0 in ./.venv311/lib/python3.11/site-packages (from satellite_control==1.0.0) (0.28.1)
Requirement already satisfied: python-multipart>=0.0.6 in ./.venv311/lib/python3.11/site-packages (from satellite_control==1.0.0) (0.0.21)
Collecting aiofiles>=23.0.0 (from satellite_control==1.0.0)
  Downloading aiofiles-25.1.0-py3-none-any.whl.metadata (6.3 kB)
Requirement already satisfied: pyparsing>=2.0.1 in ./.venv311/lib/python3.11/site-packages (from ezdxf>=0.17.0->satellite_control==1.0.0) (3.3.1)
Requirement already satisfied: typing_extensions>=4.6.0 in ./.venv311/lib/python3.11/site-packages (from ezdxf>=0.17.0->satellite_control==1.0.0) (4.15.0)
Requirement already satisfied: fonttools in ./.venv311/lib/python3.11/site-packages (from ezdxf>=0.17.0->satellite_control==1.0.0) (4.61.1)
Requirement already satisfied: starlette<0.51.0,>=0.40.0 in ./.venv311/lib/python3.11/site-packages (from fastapi>=0.100.0->satellite_control==1.0.0) (0.50.0)
Requirement already satisfied: annotated-doc>=0.0.2 in ./.venv311/lib/python3.11/site-packages (from fastapi>=0.100.0->satellite_control==1.0.0) (0.0.4)
Requirement already satisfied: anyio<5,>=3.6.2 in ./.venv311/lib/python3.11/site-packages (from starlette<0.51.0,>=0.40.0->fastapi>=0.100.0->satellite_control==1.0.0) (4.12.1)
Requirement already satisfied: idna>=2.8 in ./.venv311/lib/python3.11/site-packages (from anyio<5,>=3.6.2->starlette<0.51.0,>=0.40.0->fastapi>=0.100.0->satellite_control==1.0.0) (3.11)
Requirement already satisfied: certifi in ./.venv311/lib/python3.11/site-packages (from httpx>=0.24.0->satellite_control==1.0.0) (2026.1.4)
Requirement already satisfied: httpcore==1.* in ./.venv311/lib/python3.11/site-packages (from httpx>=0.24.0->satellite_control==1.0.0) (1.0.9)
Requirement already satisfied: h11>=0.16 in ./.venv311/lib/python3.11/site-packages (from httpcore==1.*->httpx>=0.24.0->satellite_control==1.0.0) (0.16.0)
Requirement already satisfied: pillow>=8.3.2 in ./.venv311/lib/python3.11/site-packages (from imageio>=2.30.0->satellite_control==1.0.0) (12.1.0)
Requirement already satisfied: contourpy>=1.0.1 in ./.venv311/lib/python3.11/site-packages (from matplotlib>=3.4.0->satellite_control==1.0.0) (1.3.3)
Requirement already satisfied: cycler>=0.10 in ./.venv311/lib/python3.11/site-packages (from matplotlib>=3.4.0->satellite_control==1.0.0) (0.12.1)
Requirement already satisfied: kiwisolver>=1.3.1 in ./.venv311/lib/python3.11/site-packages (from matplotlib>=3.4.0->satellite_control==1.0.0) (1.4.9)
Requirement already satisfied: packaging>=20.0 in ./.venv311/lib/python3.11/site-packages (from matplotlib>=3.4.0->satellite_control==1.0.0) (25.0)
Requirement already satisfied: python-dateutil>=2.7 in ./.venv311/lib/python3.11/site-packages (from matplotlib>=3.4.0->satellite_control==1.0.0) (2.9.0.post0)
Requirement already satisfied: jinja2 in ./.venv311/lib/python3.11/site-packages (from osqp>=0.6.0->satellite_control==1.0.0) (3.1.6)
Requirement already satisfied: setuptools in ./.venv311/lib/python3.11/site-packages (from osqp>=0.6.0->satellite_control==1.0.0) (80.9.0)
Requirement already satisfied: joblib in ./.venv311/lib/python3.11/site-packages (from osqp>=0.6.0->satellite_control==1.0.0) (1.5.3)
Requirement already satisfied: pytz>=2020.1 in ./.venv311/lib/python3.11/site-packages (from pandas>=1.3.0->satellite_control==1.0.0) (2025.2)
Requirement already satisfied: tzdata>=2022.7 in ./.venv311/lib/python3.11/site-packages (from pandas>=1.3.0->satellite_control==1.0.0) (2025.3)
Requirement already satisfied: narwhals>=1.15.1 in ./.venv311/lib/python3.11/site-packages (from plotly>=5.0.0->satellite_control==1.0.0) (2.15.0)
Requirement already satisfied: annotated-types>=0.6.0 in ./.venv311/lib/python3.11/site-packages (from pydantic>=2.0.0->satellite_control==1.0.0) (0.7.0)
Requirement already satisfied: pydantic-core==2.41.5 in ./.venv311/lib/python3.11/site-packages (from pydantic>=2.0.0->satellite_control==1.0.0) (2.41.5)
Requirement already satisfied: typing-inspection>=0.4.2 in ./.venv311/lib/python3.11/site-packages (from pydantic>=2.0.0->satellite_control==1.0.0) (0.4.2)
Requirement already satisfied: six>=1.5 in ./.venv311/lib/python3.11/site-packages (from python-dateutil>=2.7->matplotlib>=3.4.0->satellite_control==1.0.0) (1.17.0)
Requirement already satisfied: prompt_toolkit<4.0,>=2.0 in ./.venv311/lib/python3.11/site-packages (from questionary>=2.0.0->satellite_control==1.0.0) (3.0.52)
Requirement already satisfied: wcwidth in ./.venv311/lib/python3.11/site-packages (from prompt_toolkit<4.0,>=2.0->questionary>=2.0.0->satellite_control==1.0.0) (0.2.14)
Requirement already satisfied: markdown-it-py>=2.2.0 in ./.venv311/lib/python3.11/site-packages (from rich>=10.0.0->satellite_control==1.0.0) (4.0.0)
Requirement already satisfied: pygments<3.0.0,>=2.13.0 in ./.venv311/lib/python3.11/site-packages (from rich>=10.0.0->satellite_control==1.0.0) (2.19.2)
Requirement already satisfied: mdurl~=0.1 in ./.venv311/lib/python3.11/site-packages (from markdown-it-py>=2.2.0->rich>=10.0.0->satellite_control==1.0.0) (0.1.2)
Requirement already satisfied: altair!=5.4.0,!=5.4.1,<7,>=4.0 in ./.venv311/lib/python3.11/site-packages (from streamlit>=1.25.0->satellite_control==1.0.0) (6.0.0)
Requirement already satisfied: blinker<2,>=1.5.0 in ./.venv311/lib/python3.11/site-packages (from streamlit>=1.25.0->satellite_control==1.0.0) (1.9.0)
Requirement already satisfied: cachetools<7,>=5.5 in ./.venv311/lib/python3.11/site-packages (from streamlit>=1.25.0->satellite_control==1.0.0) (6.2.4)
Requirement already satisfied: protobuf<7,>=3.20 in ./.venv311/lib/python3.11/site-packages (from streamlit>=1.25.0->satellite_control==1.0.0) (6.33.4)
Requirement already satisfied: pyarrow>=7.0 in ./.venv311/lib/python3.11/site-packages (from streamlit>=1.25.0->satellite_control==1.0.0) (23.0.0)
Requirement already satisfied: requests<3,>=2.27 in ./.venv311/lib/python3.11/site-packages (from streamlit>=1.25.0->satellite_control==1.0.0) (2.32.5)
Requirement already satisfied: tenacity<10,>=8.1.0 in ./.venv311/lib/python3.11/site-packages (from streamlit>=1.25.0->satellite_control==1.0.0) (9.1.2)
Requirement already satisfied: toml<2,>=0.10.1 in ./.venv311/lib/python3.11/site-packages (from streamlit>=1.25.0->satellite_control==1.0.0) (0.10.2)
Requirement already satisfied: gitpython!=3.1.19,<4,>=3.0.7 in ./.venv311/lib/python3.11/site-packages (from streamlit>=1.25.0->satellite_control==1.0.0) (3.1.46)
Requirement already satisfied: pydeck<1,>=0.8.0b4 in ./.venv311/lib/python3.11/site-packages (from streamlit>=1.25.0->satellite_control==1.0.0) (0.9.1)
Requirement already satisfied: tornado!=6.5.0,<7,>=6.0.3 in ./.venv311/lib/python3.11/site-packages (from streamlit>=1.25.0->satellite_control==1.0.0) (6.5.4)
Requirement already satisfied: jsonschema>=3.0 in ./.venv311/lib/python3.11/site-packages (from altair!=5.4.0,!=5.4.1,<7,>=4.0->streamlit>=1.25.0->satellite_control==1.0.0) (4.26.0)
Requirement already satisfied: gitdb<5,>=4.0.1 in ./.venv311/lib/python3.11/site-packages (from gitpython!=3.1.19,<4,>=3.0.7->streamlit>=1.25.0->satellite_control==1.0.0) (4.0.12)
Requirement already satisfied: smmap<6,>=3.0.1 in ./.venv311/lib/python3.11/site-packages (from gitdb<5,>=4.0.1->gitpython!=3.1.19,<4,>=3.0.7->streamlit>=1.25.0->satellite_control==1.0.0) (5.0.2)
Requirement already satisfied: charset_normalizer<4,>=2 in ./.venv311/lib/python3.11/site-packages (from requests<3,>=2.27->streamlit>=1.25.0->satellite_control==1.0.0) (3.4.4)
Requirement already satisfied: urllib3<3,>=1.21.1 in ./.venv311/lib/python3.11/site-packages (from requests<3,>=2.27->streamlit>=1.25.0->satellite_control==1.0.0) (2.6.3)
Requirement already satisfied: MarkupSafe>=2.0 in ./.venv311/lib/python3.11/site-packages (from jinja2->osqp>=0.6.0->satellite_control==1.0.0) (3.0.3)
Requirement already satisfied: attrs>=22.2.0 in ./.venv311/lib/python3.11/site-packages (from jsonschema>=3.0->altair!=5.4.0,!=5.4.1,<7,>=4.0->streamlit>=1.25.0->satellite_control==1.0.0) (25.4.0)
Requirement already satisfied: jsonschema-specifications>=2023.03.6 in ./.venv311/lib/python3.11/site-packages (from jsonschema>=3.0->altair!=5.4.0,!=5.4.1,<7,>=4.0->streamlit>=1.25.0->satellite_control==1.0.0) (2025.9.1)
Requirement already satisfied: referencing>=0.28.4 in ./.venv311/lib/python3.11/site-packages (from jsonschema>=3.0->altair!=5.4.0,!=5.4.1,<7,>=4.0->streamlit>=1.25.0->satellite_control==1.0.0) (0.37.0)
Requirement already satisfied: rpds-py>=0.25.0 in ./.venv311/lib/python3.11/site-packages (from jsonschema>=3.0->altair!=5.4.0,!=5.4.1,<7,>=4.0->streamlit>=1.25.0->satellite_control==1.0.0) (0.30.0)
Requirement already satisfied: shellingham>=1.3.0 in ./.venv311/lib/python3.11/site-packages (from typer>=0.9.0->satellite_control==1.0.0) (1.5.4)
Downloading aiofiles-25.1.0-py3-none-any.whl (14 kB)
Building wheels for collected packages: satellite_control
  Building editable for satellite_control (pyproject.toml): started
  Building editable for satellite_control (pyproject.toml): still running...
  Building editable for satellite_control (pyproject.toml): finished with status 'error'
  error: subprocess-exited-with-error
  
  × Building editable for satellite_control (pyproject.toml) did not run successfully.
  │ exit code: 1
  ╰─> [273 lines of output]
      2026-01-21 17:09:30,961 - scikit_build_core - WARNING - cmake should not be in build-system.requires - scikit-build-core will inject it as needed
      2026-01-21 17:09:30,961 - scikit_build_core - WARNING - ninja should not be in build-system.requires - scikit-build-core will inject it as needed
      *** scikit-build-core 0.11.6 using CMake 4.2.1 (editable)
      *** Configuring CMake...
      loading initial cache file build/cp311-cp311-macosx_26_0_arm64/CMakeInit.txt
      -- The CXX compiler identification is AppleClang 17.0.0.17000603
      -- Detecting CXX compiler ABI info
      -- Detecting CXX compiler ABI info - done
      -- Check for working CXX compiler: /usr/bin/clang++ - skipped
      -- Detecting CXX compile features
      -- Detecting CXX compile features - done
      CMake Deprecation Warning at build/cp311-cp311-macosx_26_0_arm64/_deps/eigen3-src/CMakeLists.txt:2 (cmake_minimum_required):
        Compatibility with CMake < 3.10 will be removed from a future version of
        CMake.
      
        Update the VERSION argument <min> value.  Or, use the <min>...<max> syntax
        to tell CMake that the project requires at least <min> but has been updated
        to work with policies introduced by <max> or earlier.
      
      
      -- The C compiler identification is AppleClang 17.0.0.17000603
      -- Detecting C compiler ABI info
      -- Detecting C compiler ABI info - done
      -- Check for working C compiler: /usr/bin/clang - skipped
      -- Detecting C compile features
      -- Detecting C compile features - done
      -- Performing Test EIGEN_COMPILER_SUPPORT_CPP11
      -- Performing Test EIGEN_COMPILER_SUPPORT_CPP11 - Success
      -- Performing Test COMPILER_SUPPORT_std=cpp03
      -- Performing Test COMPILER_SUPPORT_std=cpp03 - Success
      -- Performing Test standard_math_library_linked_to_automatically
      -- Performing Test standard_math_library_linked_to_automatically - Success
      -- Standard libraries to link to explicitly: none
      -- Performing Test COMPILER_SUPPORT_WERROR
      -- Performing Test COMPILER_SUPPORT_WERROR - Success
      -- Performing Test COMPILER_SUPPORT_pedantic
      -- Performing Test COMPILER_SUPPORT_pedantic - Success
      -- Performing Test COMPILER_SUPPORT_Wall
      -- Performing Test COMPILER_SUPPORT_Wall - Success
      -- Performing Test COMPILER_SUPPORT_Wextra
      -- Performing Test COMPILER_SUPPORT_Wextra - Success
      -- Performing Test COMPILER_SUPPORT_Wundef
      -- Performing Test COMPILER_SUPPORT_Wundef - Success
      -- Performing Test COMPILER_SUPPORT_Wcastalign
      -- Performing Test COMPILER_SUPPORT_Wcastalign - Success
      -- Performing Test COMPILER_SUPPORT_Wcharsubscripts
      -- Performing Test COMPILER_SUPPORT_Wcharsubscripts - Success
      -- Performing Test COMPILER_SUPPORT_Wnonvirtualdtor
      -- Performing Test COMPILER_SUPPORT_Wnonvirtualdtor - Success
      -- Performing Test COMPILER_SUPPORT_Wunusedlocaltypedefs
      -- Performing Test COMPILER_SUPPORT_Wunusedlocaltypedefs - Success
      -- Performing Test COMPILER_SUPPORT_Wpointerarith
      -- Performing Test COMPILER_SUPPORT_Wpointerarith - Success
      -- Performing Test COMPILER_SUPPORT_Wwritestrings
      -- Performing Test COMPILER_SUPPORT_Wwritestrings - Success
      -- Performing Test COMPILER_SUPPORT_Wformatsecurity
      -- Performing Test COMPILER_SUPPORT_Wformatsecurity - Success
      -- Performing Test COMPILER_SUPPORT_Wshorten64to32
      -- Performing Test COMPILER_SUPPORT_Wshorten64to32 - Success
      -- Performing Test COMPILER_SUPPORT_Wlogicalop
      -- Performing Test COMPILER_SUPPORT_Wlogicalop - Failed
      -- Performing Test COMPILER_SUPPORT_Wenumconversion
      -- Performing Test COMPILER_SUPPORT_Wenumconversion - Success
      -- Performing Test COMPILER_SUPPORT_Wcpp11extensions
      -- Performing Test COMPILER_SUPPORT_Wcpp11extensions - Success
      -- Performing Test COMPILER_SUPPORT_Wdoublepromotion
      -- Performing Test COMPILER_SUPPORT_Wdoublepromotion - Success
      -- Performing Test COMPILER_SUPPORT_Wshadow
      -- Performing Test COMPILER_SUPPORT_Wshadow - Success
      -- Performing Test COMPILER_SUPPORT_Wnopsabi
      -- Performing Test COMPILER_SUPPORT_Wnopsabi - Success
      -- Performing Test COMPILER_SUPPORT_Wnovariadicmacros
      -- Performing Test COMPILER_SUPPORT_Wnovariadicmacros - Success
      -- Performing Test COMPILER_SUPPORT_Wnolonglong
      -- Performing Test COMPILER_SUPPORT_Wnolonglong - Success
      -- Performing Test COMPILER_SUPPORT_fnochecknew
      -- Performing Test COMPILER_SUPPORT_fnochecknew - Success
      -- Performing Test COMPILER_SUPPORT_fnocommon
      -- Performing Test COMPILER_SUPPORT_fnocommon - Failed
      -- Performing Test COMPILER_SUPPORT_fstrictaliasing
      -- Performing Test COMPILER_SUPPORT_fstrictaliasing - Failed
      -- Performing Test COMPILER_SUPPORT_wd981
      -- Performing Test COMPILER_SUPPORT_wd981 - Failed
      -- Performing Test COMPILER_SUPPORT_wd2304
      -- Performing Test COMPILER_SUPPORT_wd2304 - Failed
      -- Performing Test COMPILER_SUPPORT_STRICTANSI
      -- Performing Test COMPILER_SUPPORT_STRICTANSI - Failed
      -- Performing Test COMPILER_SUPPORT_Qunusedarguments
      -- Performing Test COMPILER_SUPPORT_Qunusedarguments - Failed
      -- Performing Test COMPILER_SUPPORT_ansi
      -- Performing Test COMPILER_SUPPORT_ansi - Failed
      -- Performing Test COMPILER_SUPPORT_OPENMP
      -- Performing Test COMPILER_SUPPORT_OPENMP - Failed
      -- Looking for a Fortran compiler
      -- Looking for a Fortran compiler - NOTFOUND
      -- Found unsuitable Qt version "" from NOTFOUND
      -- Qt4 not found, so disabling the mandelbrot and opengl demos
      -- Could NOT find CHOLMOD (missing: CHOLMOD_INCLUDES CHOLMOD_LIBRARIES)
      -- Could NOT find UMFPACK (missing: UMFPACK_INCLUDES UMFPACK_LIBRARIES)
      -- Could NOT find KLU (missing: KLU_INCLUDES KLU_LIBRARIES)
      -- Could NOT find SuperLU (missing: SUPERLU_INCLUDES SUPERLU_LIBRARIES SUPERLU_VERSION_OK) (Required is at least version "4.0")
      -- A version of Pastix has been found but pastix_nompi.h does not exist in the include directory. Because Eigen tests require a version without MPI, we disable the Pastix backend.
      --
      -- Configured Eigen 3.4.0
      --
      -- Available targets (use: cmake --build . --target TARGET):
      -- ---------+--------------------------------------------------------------
      -- Target   |   Description
      -- ---------+--------------------------------------------------------------
      -- install  | Install Eigen. Headers will be installed to:
      --          |     <CMAKE_INSTALL_PREFIX>/<INCLUDE_INSTALL_DIR>
      --          |   Using the following values:
      --          |     CMAKE_INSTALL_PREFIX: /var/folders/c8/ydy_7n0j59z4cq37r8d9ngx80000gn/T/tmp6tfa6qo4/wheel/platlib
      --          |     INCLUDE_INSTALL_DIR:  include/eigen3
      --          |   Change the install location of Eigen headers using:
      --          |     cmake . -DCMAKE_INSTALL_PREFIX=yourprefix
      --          |   Or:
      --          |     cmake . -DINCLUDE_INSTALL_DIR=yourdir
      -- doc      | Generate the API documentation, requires Doxygen & LaTeX
      -- blas     | Build BLAS library (not the same thing as Eigen)
      -- uninstall| Remove files installed by the install target
      -- ---------+--------------------------------------------------------------
      --
      CMake Deprecation Warning at build/cp311-cp311-macosx_26_0_arm64/_deps/osqp-src/CMakeLists.txt:2 (cmake_minimum_required):
        Compatibility with CMake < 3.10 will be removed from a future version of
        CMake.
      
        Update the VERSION argument <min> value.  Or, use the <min>...<max> syntax
        to tell CMake that the project requires at least <min> but has been updated
        to work with policies introduced by <max> or earlier.
      
      
      -- We are on a Darwin system
      -- Embedded is OFF
      -- Printing is ON
      -- Profiling is ON
      -- User interrupt is ON
      -- Floats are OFF
      -- Long integers (64bit) are ON
      -- Code coverage is OFF
      -- MKL Pardiso: ON
      CMake Deprecation Warning at build/cp311-cp311-macosx_26_0_arm64/_deps/osqp-src/lin_sys/direct/qdldl/qdldl_sources/CMakeLists.txt:2 (cmake_minimum_required):
        Compatibility with CMake < 3.10 will be removed from a future version of
        CMake.
      
        Update the VERSION argument <min> value.  Or, use the <min>...<max> syntax
        to tell CMake that the project requires at least <min> but has been updated
        to work with policies introduced by <max> or earlier.
      
      
      -- Floats are OFF
      -- Long integers (64bit) are ON
      -- Found Python3: /Users/aevar/Desktop/Satellite_3D_PWM-Continuous_Thrusters_ReactionWheel/.venv311/bin/python (found version "3.11.14") found components: Interpreter Development Development.Module Development.Embed
      -- Python3_EXECUTABLE: /Users/aevar/Desktop/Satellite_3D_PWM-Continuous_Thrusters_ReactionWheel/.venv311/bin/python
      -- Python3_INCLUDE_DIRS: /opt/homebrew/Cellar/python@3.11/3.11.14_1/Frameworks/Python.framework/Versions/3.11/include/python3.11
      -- Performing Test HAS_FLTO_THIN
      -- Performing Test HAS_FLTO_THIN - Success
      -- Performing Test HAS_FLTO
      -- Performing Test HAS_FLTO - Success
      -- Found pybind11: /Users/aevar/Desktop/Satellite_3D_PWM-Continuous_Thrusters_ReactionWheel/.venv311/lib/python3.11/site-packages/pybind11/include (found version "3.0.1")
      -- Configuring done (120.1s)
      -- Generating done (0.0s)
      -- Build files have been written to: /Users/aevar/Desktop/Satellite_3D_PWM-Continuous_Thrusters_ReactionWheel/build/cp311-cp311-macosx_26_0_arm64
      *** Building project with Ninja...
      [1/64] Building C object _deps/osqp-build/CMakeFiles/osqpstatic.dir/src/error.c.o
      [2/64] Building C object _deps/osqp-build/CMakeFiles/osqpstatic.dir/src/proj.c.o
      [3/64] Building C object _deps/osqp-build/CMakeFiles/osqpstatic.dir/src/scaling.c.o
      [4/64] Building C object _deps/osqp-build/CMakeFiles/osqpstatic.dir/src/kkt.c.o
      [5/64] Building C object _deps/osqp-build/CMakeFiles/osqpstatic.dir/src/util.c.o
      [6/64] Building C object _deps/osqp-build/CMakeFiles/osqpstatic.dir/src/cs.c.o
      [7/64] Building C object _deps/osqp-build/CMakeFiles/osqpstatic.dir/src/lin_sys.c.o
      [8/64] Building C object _deps/osqp-build/CMakeFiles/osqpstatic.dir/src/ctrlc.c.o
      [9/64] Building C object _deps/osqp-build/lin_sys/direct/CMakeFiles/linsys_pardiso.dir/pardiso/pardiso_loader.c.o
      [10/64] Building C object _deps/osqp-build/CMakeFiles/osqpstatic.dir/src/polish.c.o
      [11/64] Building C object _deps/osqp-build/CMakeFiles/osqpstatic.dir/lin_sys/lib_handler.c.o
      [12/64] Building C object _deps/osqp-build/lin_sys/direct/qdldl/CMakeFiles/linsys_qdldl.dir/amd/src/amd_1.c.o
      [13/64] Building C object _deps/osqp-build/CMakeFiles/osqpstatic.dir/src/lin_alg.c.o
      [14/64] Building C object _deps/osqp-build/lin_sys/direct/qdldl/CMakeFiles/linsys_qdldl.dir/amd/src/amd_aat.c.o
      [15/64] Building C object _deps/osqp-build/lin_sys/direct/qdldl/CMakeFiles/linsys_qdldl.dir/amd/src/amd_control.c.o
      [16/64] Building C object _deps/osqp-build/lin_sys/direct/qdldl/CMakeFiles/linsys_qdldl.dir/amd/src/amd_defaults.c.o
      [17/64] Building C object _deps/osqp-build/lin_sys/direct/qdldl/CMakeFiles/linsys_qdldl.dir/amd/src/amd_info.c.o
      [18/64] Building C object _deps/osqp-build/lin_sys/direct/qdldl/CMakeFiles/linsys_qdldl.dir/amd/src/amd_post_tree.c.o
      [19/64] Building C object _deps/osqp-build/lin_sys/direct/qdldl/CMakeFiles/linsys_qdldl.dir/amd/src/amd_preprocess.c.o
      [20/64] Building C object _deps/osqp-build/lin_sys/direct/qdldl/CMakeFiles/linsys_qdldl.dir/amd/src/amd_postorder.c.o
      [21/64] Building C object _deps/osqp-build/lin_sys/direct/qdldl/CMakeFiles/linsys_qdldl.dir/amd/src/amd_valid.c.o
      [22/64] Building C object _deps/osqp-build/lin_sys/direct/qdldl/CMakeFiles/linsys_qdldl.dir/amd/src/amd_order.c.o
      [23/64] Building C object _deps/osqp-build/lin_sys/direct/qdldl/CMakeFiles/linsys_qdldl.dir/amd/src/SuiteSparse_config.c.o
      [24/64] Building C object _deps/osqp-build/lin_sys/direct/CMakeFiles/linsys_pardiso.dir/pardiso/pardiso_interface.c.o
      [25/64] Building C object _deps/osqp-build/CMakeFiles/osqpstatic.dir/src/auxil.c.o
      [26/64] Building C object _deps/osqp-build/lin_sys/direct/qdldl/qdldl_sources/CMakeFiles/qdldlstatic.dir/src/qdldl.c.o
      [27/64] Building C object _deps/osqp-build/lin_sys/direct/qdldl/qdldl_sources/CMakeFiles/qdldlobject.dir/src/qdldl.c.o
      [28/64] Building C object _deps/osqp-build/CMakeFiles/osqpstatic.dir/src/osqp.c.o
      [29/64] Building C object _deps/osqp-build/lin_sys/direct/qdldl/CMakeFiles/linsys_qdldl.dir/qdldl_interface.c.o
      [30/64] Building C object _deps/osqp-build/lin_sys/direct/qdldl/CMakeFiles/linsys_qdldl.dir/amd/src/amd_2.c.o
      [31/64] Building C object _deps/osqp-build/CMakeFiles/osqp.dir/src/auxil.c.o
      [32/64] Building C object _deps/osqp-build/CMakeFiles/osqp.dir/src/error.c.o
      [33/64] Building C object _deps/osqp-build/CMakeFiles/osqp.dir/src/lin_alg.c.o
      [34/64] Building C object _deps/osqp-build/CMakeFiles/osqp.dir/src/osqp.c.o
      [35/64] Building C object _deps/osqp-build/CMakeFiles/osqp.dir/src/proj.c.o
      [36/64] Building C object _deps/osqp-build/CMakeFiles/osqp.dir/src/scaling.c.o
      [37/64] Building C object _deps/osqp-build/CMakeFiles/osqp.dir/src/util.c.o
      [38/64] Building C object _deps/osqp-build/CMakeFiles/osqp.dir/src/kkt.c.o
      [39/64] Building C object _deps/osqp-build/CMakeFiles/osqp.dir/src/cs.c.o
      [40/64] Building C object _deps/osqp-build/CMakeFiles/osqp.dir/src/polish.c.o
      [41/64] Building C object _deps/osqp-build/CMakeFiles/osqp.dir/src/lin_sys.c.o
      [42/64] Building C object _deps/osqp-build/CMakeFiles/osqp.dir/src/ctrlc.c.o
      [43/64] Building C object _deps/osqp-build/CMakeFiles/osqp.dir/lin_sys/lib_handler.c.o
      [44/64] Building C object _deps/osqp-build/CMakeFiles/osqp_demo.dir/examples/osqp_demo.c.o
      [45/64] Linking C static library _deps/osqp-build/out/libosqp.a
      [46/64] Linking C static library _deps/osqp-build/lin_sys/direct/qdldl/qdldl_sources/out/libqdldl.a
      [47/64] Building C object _deps/osqp-build/lin_sys/direct/qdldl/qdldl_sources/CMakeFiles/qdldl.dir/src/qdldl.c.o
      [48/64] Building C object _deps/osqp-build/lin_sys/direct/qdldl/qdldl_sources/CMakeFiles/qdldl_example.dir/examples/example.c.o
      [49/64] Linking C shared library _deps/osqp-build/out/libosqp.dylib
      [50/64] Linking C executable _deps/osqp-build/out/osqp_demo
      [51/64] Building CXX object CMakeFiles/_cpp_sim.dir/src/satellite_control/cpp/orbital_dynamics.cpp.o
      [52/64] Linking C shared library _deps/osqp-build/lin_sys/direct/qdldl/qdldl_sources/out/libqdldl.dylib
      [53/64] Linking C executable _deps/osqp-build/lin_sys/direct/qdldl/qdldl_sources/out/qdldl_example
      [54/64] Building CXX object CMakeFiles/_cpp_physics.dir/src/satellite_control/cpp/orbital_dynamics.cpp.o
      [55/64] Building CXX object CMakeFiles/_cpp_mpc.dir/src/satellite_control/cpp/obstacle.cpp.o
      [56/64] Building CXX object CMakeFiles/_cpp_mpc.dir/src/satellite_control/cpp/mpc_controller.cpp.o
      FAILED: [code=1] CMakeFiles/_cpp_mpc.dir/src/satellite_control/cpp/mpc_controller.cpp.o
      /usr/bin/clang++ -D_cpp_mpc_EXPORTS -I/Users/aevar/Desktop/Satellite_3D_PWM-Continuous_Thrusters_ReactionWheel/build/cp311-cp311-macosx_26_0_arm64/_deps/osqp-src/include -I/Users/aevar/Desktop/Satellite_3D_PWM-Continuous_Thrusters_ReactionWheel/build/cp311-cp311-macosx_26_0_arm64/_deps/eigen3-src -isystem /Users/aevar/Desktop/Satellite_3D_PWM-Continuous_Thrusters_ReactionWheel/.venv311/lib/python3.11/site-packages/pybind11/include -isystem /opt/homebrew/Cellar/python@3.11/3.11.14_1/Frameworks/Python.framework/Versions/3.11/include/python3.11 -O3 -DNDEBUG -std=gnu++17 -arch arm64 -fPIC -MD -MT CMakeFiles/_cpp_mpc.dir/src/satellite_control/cpp/mpc_controller.cpp.o -MF CMakeFiles/_cpp_mpc.dir/src/satellite_control/cpp/mpc_controller.cpp.o.d -o CMakeFiles/_cpp_mpc.dir/src/satellite_control/cpp/mpc_controller.cpp.o -c /Users/aevar/Desktop/Satellite_3D_PWM-Continuous_Thrusters_ReactionWheel/src/satellite_control/cpp/mpc_controller.cpp
      /Users/aevar/Desktop/Satellite_3D_PWM-Continuous_Thrusters_ReactionWheel/src/satellite_control/cpp/mpc_controller.cpp:426:21: error: no member named 'max_velocity' in 'satellite_control::MPCParams'
        426 |     if (mpc_params_.max_velocity > 0 && !mpc_params_.mode_path_following) {
            |         ~~~~~~~~~~~ ^
      /Users/aevar/Desktop/Satellite_3D_PWM-Continuous_Thrusters_ReactionWheel/src/satellite_control/cpp/mpc_controller.cpp:426:54: error: no member named 'mode_path_following' in 'satellite_control::MPCParams'
        426 |     if (mpc_params_.max_velocity > 0 && !mpc_params_.mode_path_following) {
            |                                          ~~~~~~~~~~~ ^
      /Users/aevar/Desktop/Satellite_3D_PWM-Continuous_Thrusters_ReactionWheel/src/satellite_control/cpp/mpc_controller.cpp:429:61: error: no member named 'max_velocity' in 'satellite_control::MPCParams'
        429 |             l_.segment(vel_idx, 3).setConstant(-mpc_params_.max_velocity);
            |                                                 ~~~~~~~~~~~ ^
      /Users/aevar/Desktop/Satellite_3D_PWM-Continuous_Thrusters_ReactionWheel/src/satellite_control/cpp/mpc_controller.cpp:430:60: error: no member named 'max_velocity' in 'satellite_control::MPCParams'
        430 |             u_.segment(vel_idx, 3).setConstant(mpc_params_.max_velocity);
            |                                                ~~~~~~~~~~~ ^
      /Users/aevar/Desktop/Satellite_3D_PWM-Continuous_Thrusters_ReactionWheel/src/satellite_control/cpp/mpc_controller.cpp:447:21: error: no member named 'mode_path_following' in 'satellite_control::MPCParams'
        447 |     if (mpc_params_.mode_path_following) {
            |         ~~~~~~~~~~~ ^
      /Users/aevar/Desktop/Satellite_3D_PWM-Continuous_Thrusters_ReactionWheel/src/satellite_control/cpp/mpc_controller.cpp:584:21: error: no member named 'mode_path_following' in 'satellite_control::MPCParams'
        584 |     if (mpc_params_.mode_path_following) {
            |         ~~~~~~~~~~~ ^
      /Users/aevar/Desktop/Satellite_3D_PWM-Continuous_Thrusters_ReactionWheel/src/satellite_control/cpp/mpc_controller.cpp:649:21: error: no member named 'mode_path_following' in 'satellite_control::MPCParams'
        649 |     if (mpc_params_.mode_path_following) {
            |         ~~~~~~~~~~~ ^
      /Users/aevar/Desktop/Satellite_3D_PWM-Continuous_Thrusters_ReactionWheel/src/satellite_control/cpp/mpc_controller.cpp:689:21: error: no member named 'mode_path_following' in 'satellite_control::MPCParams'
        689 |     if (mpc_params_.mode_path_following) {
            |         ~~~~~~~~~~~ ^
      /Users/aevar/Desktop/Satellite_3D_PWM-Continuous_Thrusters_ReactionWheel/src/satellite_control/cpp/mpc_controller.cpp:700:21: error: no member named 'mode_path_following' in 'satellite_control::MPCParams'
        700 |     if (mpc_params_.mode_path_following && path_data_valid_) {
            |         ~~~~~~~~~~~ ^
      /Users/aevar/Desktop/Satellite_3D_PWM-Continuous_Thrusters_ReactionWheel/src/satellite_control/cpp/mpc_controller.cpp:725:21: error: no member named 'max_velocity' in 'satellite_control::MPCParams'
        725 |     if (mpc_params_.max_velocity > 0 && !mpc_params_.mode_path_following) {
            |         ~~~~~~~~~~~ ^
      /Users/aevar/Desktop/Satellite_3D_PWM-Continuous_Thrusters_ReactionWheel/src/satellite_control/cpp/mpc_controller.cpp:725:54: error: no member named 'mode_path_following' in 'satellite_control::MPCParams'
        725 |     if (mpc_params_.max_velocity > 0 && !mpc_params_.mode_path_following) {
            |                                          ~~~~~~~~~~~ ^
      /Users/aevar/Desktop/Satellite_3D_PWM-Continuous_Thrusters_ReactionWheel/src/satellite_control/cpp/mpc_controller.cpp:729:33: error: no member named 'max_velocity' in 'satellite_control::MPCParams'
        729 |         if (speed > mpc_params_.max_velocity) {
            |                     ~~~~~~~~~~~ ^
      /Users/aevar/Desktop/Satellite_3D_PWM-Continuous_Thrusters_ReactionWheel/src/satellite_control/cpp/mpc_controller.cpp:777:22: error: no member named 'mode_path_following' in 'satellite_control::MPCParams'
        777 |     if (!mpc_params_.mode_path_following) return;
            |          ~~~~~~~~~~~ ^
      /Users/aevar/Desktop/Satellite_3D_PWM-Continuous_Thrusters_ReactionWheel/src/satellite_control/cpp/mpc_controller.cpp:805:30: error: no member named 'Q_vel' in 'satellite_control::MPCParams'
        805 |     double Q_v = mpc_params_.Q_vel;       // Velocity alignment weight
            |                  ~~~~~~~~~~~ ^
      14 errors generated.
      [57/64] Building CXX object CMakeFiles/_cpp_mpc.dir/src/satellite_control/cpp/linearizer.cpp.o
      [58/64] Building CXX object CMakeFiles/_cpp_sim.dir/src/satellite_control/cpp/simulation_engine.cpp.o
      [59/64] Building CXX object CMakeFiles/_cpp_physics.dir/src/satellite_control/cpp/bindings_physics.cpp.o
      [60/64] Building CXX object CMakeFiles/_cpp_sim.dir/src/satellite_control/cpp/bindings_sim.cpp.o
      [61/64] Building CXX object CMakeFiles/_cpp_mpc.dir/src/satellite_control/cpp/bindings.cpp.o
      ninja: build stopped: subcommand failed.
      
      *** CMake build failed
      [end of output]
  
  note: This error originates from a subprocess, and is likely not a problem with pip.
  ERROR: Failed building editable for satellite_control
Failed to build satellite_control
error: failed-wheel-build-for-install

× Failed to build installable wheels for some pyproject.toml based projects
╰─> satellite_control
